<?xml version="1.0" encoding="UTF-8"?>
<!-- Generated by org.testng.reporters.JUnitReportReporter -->
<testsuite hostname="LAPTOP-0TNBCBLL" failures="0" tests="1" name="Runner.Runner" time="31.997" errors="0" timestamp="2024-07-24T14:48:58 IST" skipped="0">
  <testcase classname="Runner.Runner" name="runScenario" time="31.997"/>
</testsuite> <!-- Runner.Runner -->
