<?xml version="1.0" encoding="UTF-8"?>
<!-- Generated by org.testng.reporters.JUnitReportReporter -->
<testsuite hostname="LAPTOP-0TNBCBLL" failures="0" tests="4" name="Runner.Runner" time="10.724" errors="0" timestamp="2024-07-26T23:19:12 IST" skipped="0">
  <testcase classname="Runner.Runner" name="runScenario" time="1.072"/>
  <testcase classname="Runner.Runner" name="runScenario" time="6.407"/>
  <testcase classname="Runner.Runner" name="runScenario" time="1.000"/>
  <testcase classname="Runner.Runner" name="runScenario" time="2.245"/>
</testsuite> <!-- Runner.Runner -->
