<?xml version="1.0" encoding="UTF-8"?>
<!-- Generated by org.testng.reporters.JUnitReportReporter -->
<testsuite hostname="LAPTOP-0TNBCBLL" failures="0" tests="5" name="Runner.Runner" time="24.648" errors="0" timestamp="2024-07-28T23:02:31 IST" skipped="0">
  <testcase classname="Runner.Runner" name="runScenario" time="2.664"/>
  <testcase classname="Runner.Runner" name="runScenario" time="2.098"/>
  <testcase classname="Runner.Runner" name="runScenario" time="1.066"/>
  <testcase classname="Runner.Runner" name="runScenario" time="0.900"/>
  <testcase classname="Runner.Runner" name="runScenario" time="17.920"/>
</testsuite> <!-- Runner.Runner -->
