<?xml version="1.0" encoding="UTF-8"?>
<!-- Generated by org.testng.reporters.JUnitReportReporter -->
<testsuite hostname="LAPTOP-0TNBCBLL" failures="0" tests="7" name="Runner.Runner" time="23.037" errors="2" timestamp="2024-10-23T20:30:56 IST" skipped="0">
  <testcase classname="Runner.Runner" name="runScenario" time="1.045"/>
  <testcase classname="Runner.Runner" name="runScenario" time="1.384"/>
  <testcase classname="Runner.Runner" name="runScenario" time="3.078"/>
  <testcase classname="Runner.Runner" name="runScenario" time="5.384">
    <error message="TODO: implement me" type="io.cucumber.java.PendingException">
      <![CDATA[io.cucumber.java.PendingException: TODO: implement me
at StepDefinitions.UserManagement.user_selects_the_status(UserManagement.java:99)
at ✽.User selects the status(file:///D:/Automation/LearnJava/TestOrangeHRM/src/test/resources/Feature/UserManagement.feature:18)
]]>
    </error>
  </testcase> <!-- runScenario -->
  <testcase classname="Runner.Runner" name="runScenario" time="6.278"/>
  <testcase classname="Runner.Runner" name="runScenario" time="3.342">
    <error message="TODO: implement me" type="io.cucumber.java.PendingException">
      <![CDATA[io.cucumber.java.PendingException: TODO: implement me
at StepDefinitions.UserManagement.user_enter_the_emaployee_name_as(UserManagement.java:57)
at ✽.user enter the emaployee name as "Employee_Name"(file:///D:/Automation/LearnJava/TestOrangeHRM/src/test/resources/Feature/UserManagement.feature:31)
]]>
    </error>
  </testcase> <!-- runScenario -->
  <testcase classname="Runner.Runner" name="runScenario" time="2.526"/>
</testsuite> <!-- Runner.Runner -->
