<?xml version="1.0" encoding="UTF-8"?>
<!-- Generated by org.testng.reporters.JUnitReportReporter -->
<testsuite hostname="LAPTOP-0TNBCBLL" failures="0" tests="6" name="Runner.Runner" time="18.954" errors="1" timestamp="2024-09-26T10:44:11 IST" skipped="0">
  <testcase classname="Runner.Runner" name="runScenario" time="0.974"/>
  <testcase classname="Runner.Runner" name="runScenario" time="6.628">
    <error message="TODO: implement me" type="io.cucumber.java.PendingException">
      <![CDATA[io.cucumber.java.PendingException: TODO: implement me
at StepDefinitions.UserManagement.user_enter_the_emaployee_name_as(UserManagement.java:52)
at âœ½.user enter the emaployee name as "Employee_Name"(file:///D:/Automation/LearnJava/TestOrangeHRM/src/test/resources/Feature/UserManagement.feature:16)
]]>
    </error>
  </testcase> <!-- runScenario -->
  <testcase classname="Runner.Runner" name="runScenario" time="2.614"/>
  <testcase classname="Runner.Runner" name="runScenario" time="2.384"/>
  <testcase classname="Runner.Runner" name="runScenario" time="5.505"/>
  <testcase classname="Runner.Runner" name="runScenario" time="0.849"/>
</testsuite> <!-- Runner.Runner -->
