<?xml version="1.0" encoding="UTF-8"?>
<!-- Generated by org.testng.reporters.JUnitReportReporter -->
<testsuite hostname="LAPTOP-0TNBCBLL" failures="0" tests="1" name="Runner.Runner" time="15.202" errors="0" timestamp="2024-07-24T00:08:35 IST" skipped="0">
  <testcase classname="Runner.Runner" name="runScenario" time="15.202"/>
</testsuite> <!-- Runner.Runner -->
