<?xml version="1.0" encoding="UTF-8"?>
<!-- Generated by org.testng.reporters.JUnitReportReporter -->
<testsuite hostname="LAPTOP-0TNBCBLL" failures="0" tests="7" name="Runner.Runner" time="31.822" errors="2" timestamp="2024-09-28T20:49:56 IST" skipped="0">
  <testcase classname="Runner.Runner" name="runScenario" time="16.687"/>
  <testcase classname="Runner.Runner" name="runScenario" time="2.835"/>
  <testcase classname="Runner.Runner" name="runScenario" time="0.836"/>
  <testcase classname="Runner.Runner" name="runScenario" time="2.126"/>
  <testcase classname="Runner.Runner" name="runScenario" time="5.144">
    <error message="TODO: implement me" type="io.cucumber.java.PendingException">
      <![CDATA[io.cucumber.java.PendingException: TODO: implement me
at StepDefinitions.UserManagement.user_selects_the_status(UserManagement.java:97)
at ✽.User selects the status(file:///D:/Automation/LearnJava/TestOrangeHRM/src/test/resources/Feature/UserManagement.feature:18)
]]>
    </error>
  </testcase> <!-- runScenario -->
  <testcase classname="Runner.Runner" name="runScenario" time="3.319">
    <error message="TODO: implement me" type="io.cucumber.java.PendingException">
      <![CDATA[io.cucumber.java.PendingException: TODO: implement me
at StepDefinitions.UserManagement.user_enter_the_emaployee_name_as(UserManagement.java:55)
at ✽.user enter the emaployee name as "Employee_Name"(file:///D:/Automation/LearnJava/TestOrangeHRM/src/test/resources/Feature/UserManagement.feature:31)
]]>
    </error>
  </testcase> <!-- runScenario -->
  <testcase classname="Runner.Runner" name="runScenario" time="0.875"/>
</testsuite> <!-- Runner.Runner -->
