<?xml version="1.0" encoding="UTF-8"?>
<!-- Generated by org.testng.reporters.JUnitReportReporter -->
<testsuite hostname="LAPTOP-0TNBCBLL" failures="0" tests="2" name="Runner.Runner" time="30.360" errors="0" timestamp="2024-07-24T23:09:44 IST" skipped="0">
  <testcase classname="Runner.Runner" name="runScenario" time="17.432"/>
  <testcase classname="Runner.Runner" name="runScenario" time="12.928"/>
</testsuite> <!-- Runner.Runner -->
